<?xml version="1.0" encoding="UTF-8"?>
<testng-results skipped="0" failed="0" total="5" passed="5">
  <reporter-output>
  </reporter-output>
  <suite name="Default suite" duration-ms="50315" started-at="2018-05-20T20:51:45Z" finished-at="2018-05-20T20:52:35Z">
    <groups>
    </groups>
    <test name="Default test" duration-ms="50315" started-at="2018-05-20T20:51:45Z" finished-at="2018-05-20T20:52:35Z">
      <class name="ApiDemo.ApiDemoTest">
        <test-method status="PASS" signature="beforeTest()[pri:0, instance:ApiDemo.ApiDemoTest@28d25987]" name="beforeTest" is-config="true" duration-ms="6079" started-at="2018-05-21T02:21:45Z" finished-at="2018-05-21T02:21:51Z">
          <reporter-output>
          </reporter-output>
        </test-method> <!-- beforeTest -->
        <test-method status="PASS" signature="tapOnMethod()[pri:0, instance:ApiDemo.ApiDemoTest@28d25987]" name="tapOnMethod" duration-ms="1742" started-at="2018-05-21T02:21:51Z" finished-at="2018-05-21T02:21:53Z">
          <reporter-output>
          </reporter-output>
        </test-method> <!-- tapOnMethod -->
        <test-method status="PASS" signature="scrollToElement()[pri:0, instance:ApiDemo.ApiDemoTest@28d25987]" name="scrollToElement" duration-ms="8121" started-at="2018-05-21T02:21:53Z" finished-at="2018-05-21T02:22:01Z">
          <reporter-output>
          </reporter-output>
        </test-method> <!-- scrollToElement -->
        <test-method status="PASS" signature="seekBarMove()[pri:0, instance:ApiDemo.ApiDemoTest@28d25987]" name="seekBarMove" duration-ms="5272" started-at="2018-05-21T02:22:01Z" finished-at="2018-05-21T02:22:06Z">
          <reporter-output>
          </reporter-output>
        </test-method> <!-- seekBarMove -->
        <test-method status="PASS" signature="hortizonalSwipe()[pri:0, instance:ApiDemo.ApiDemoTest@28d25987]" name="hortizonalSwipe" duration-ms="21357" started-at="2018-05-21T02:22:06Z" finished-at="2018-05-21T02:22:28Z">
          <reporter-output>
          </reporter-output>
        </test-method> <!-- hortizonalSwipe -->
        <test-method status="PASS" signature="multiTouch()[pri:0, instance:ApiDemo.ApiDemoTest@28d25987]" name="multiTouch" duration-ms="6228" started-at="2018-05-21T02:22:28Z" finished-at="2018-05-21T02:22:34Z">
          <reporter-output>
          </reporter-output>
        </test-method> <!-- multiTouch -->
        <test-method status="PASS" signature="afterTest()[pri:0, instance:ApiDemo.ApiDemoTest@28d25987]" name="afterTest" is-config="true" duration-ms="1496" started-at="2018-05-21T02:22:34Z" finished-at="2018-05-21T02:22:35Z">
          <reporter-output>
          </reporter-output>
        </test-method> <!-- afterTest -->
      </class> <!-- ApiDemo.ApiDemoTest -->
    </test> <!-- Default test -->
  </suite> <!-- Default suite -->
</testng-results>
