<?xml version="1.0" encoding="UTF-8"?>
<!-- Generated by org.testng.reporters.JUnitXMLReporter -->
<testsuite hostname="DESKTOP-VPGNVVF" name="Default test" tests="5" failures="0" timestamp="20 May 2018 20:52:35 GMT" time="50.315" errors="0">
  <testcase name="tapOnMethod" time="1.742" classname="ApiDemo.ApiDemoTest"/>
  <testcase name="scrollToElement" time="8.121" classname="ApiDemo.ApiDemoTest"/>
  <testcase name="seekBarMove" time="5.272" classname="ApiDemo.ApiDemoTest"/>
  <testcase name="hortizonalSwipe" time="21.357" classname="ApiDemo.ApiDemoTest"/>
  <testcase name="multiTouch" time="6.228" classname="ApiDemo.ApiDemoTest"/>
</testsuite> <!-- Default test -->
