<?xml version="1.0" encoding="UTF-8"?>
<testng-results skipped="0" failed="0" total="1" passed="1">
  <reporter-output>
  </reporter-output>
  <suite name="softwaretestingmaterial" duration-ms="5668" started-at="2018-05-18T19:58:02Z" finished-at="2018-05-18T19:58:08Z">
    <groups>
    </groups>
    <test name="testngTest" duration-ms="5668" started-at="2018-05-18T19:58:02Z" finished-at="2018-05-18T19:58:08Z">
      <class name="ApiDemo.ApiDemoTest">
        <test-method status="PASS" signature="beforeTest()[pri:0, instance:ApiDemo.ApiDemoTest@6b2fad11]" name="beforeTest" is-config="true" duration-ms="4981" started-at="2018-05-19T01:28:02Z" finished-at="2018-05-19T01:28:07Z">
          <reporter-output>
          </reporter-output>
        </test-method> <!-- beforeTest -->
        <test-method status="PASS" signature="Click()[pri:0, instance:ApiDemo.ApiDemoTest@6b2fad11]" name="Click" duration-ms="671" started-at="2018-05-19T01:28:07Z" finished-at="2018-05-19T01:28:08Z">
          <reporter-output>
          </reporter-output>
        </test-method> <!-- Click -->
        <test-method status="PASS" signature="afterTest()[pri:0, instance:ApiDemo.ApiDemoTest@6b2fad11]" name="afterTest" is-config="true" duration-ms="0" started-at="2018-05-19T01:28:08Z" finished-at="2018-05-19T01:28:08Z">
          <reporter-output>
          </reporter-output>
        </test-method> <!-- afterTest -->
      </class> <!-- ApiDemo.ApiDemoTest -->
    </test> <!-- testngTest -->
  </suite> <!-- softwaretestingmaterial -->
</testng-results>
